VisualStudio/TestBedXR/AndroidPackaging/app/build/intermediates/manifest_merge_blame_file/debug/manifest-merger-blame-debug-report.txt
1<?xml version="1.0" encoding="utf-8"?>
2<manifest xmlns:android="http://schemas.android.com/apk/res/android"
3    package="com.hexcelltechvr.testbedxr"
4    android:versionCode="1"
5    android:versionName="1.0" >
6
7    <uses-sdk
8        android:minSdkVersion="28"
9        android:targetSdkVersion="33" />
10
11    <permission
11-->[androidx.core:core:1.9.0] AndroidManifest.xml:22:5-24:47
12        android:name="com.hexcelltechvr.testbedxr.DYNAMIC_RECEIVER_NOT_EXPORTED_PERMISSION"
12-->[androidx.core:core:1.9.0] AndroidManifest.xml:23:9-81
13        android:protectionLevel="signature" />
13-->[androidx.core:core:1.9.0] AndroidManifest.xml:24:9-44
14
15    <uses-permission android:name="com.hexcelltechvr.testbedxr.DYNAMIC_RECEIVER_NOT_EXPORTED_PERMISSION" />
15-->[androidx.core:core:1.9.0] AndroidManifest.xml:26:5-97
15-->[androidx.core:core:1.9.0] AndroidManifest.xml:26:22-94
16
17    <application
17-->src\main\AndroidManifest.xml:4:3-24:17
18        android:allowBackup="true"
18-->src\main\AndroidManifest.xml:5:7-33
19        android:appComponentFactory="androidx.core.app.CoreComponentFactory"
19-->[androidx.core:core:1.9.0] AndroidManifest.xml:28:18-86
20        android:debuggable="true"
21        android:extractNativeLibs="false"
22        android:hasCode="true"
22-->src\main\AndroidManifest.xml:10:7-29
23        android:icon="@mipmap/ic_launcher"
23-->src\main\AndroidManifest.xml:6:7-41
24        android:label="@string/app_name"
24-->src\main\AndroidManifest.xml:7:7-39
25        android:roundIcon="@mipmap/ic_launcher_round"
25-->src\main\AndroidManifest.xml:8:7-52
26        android:supportsRtl="true"
26-->src\main\AndroidManifest.xml:9:7-33
27        android:testOnly="true"
28        android:theme="@style/AppTheme" >
28-->src\main\AndroidManifest.xml:11:7-38
29        <activity
29-->src\main\AndroidManifest.xml:12:5-23:16
30            android:name="android.app.NativeActivity"
30-->src\main\AndroidManifest.xml:13:9-50
31            android:configChanges="orientation|keyboardHidden"
31-->src\main\AndroidManifest.xml:14:9-59
32            android:exported="true" >
32-->src\main\AndroidManifest.xml:15:9-32
33            <meta-data
33-->src\main\AndroidManifest.xml:16:7-17:31
34                android:name="android.app.lib_name"
34-->src\main\AndroidManifest.xml:16:18-53
35                android:value="TestBed" />
35-->src\main\AndroidManifest.xml:17:5-28
36
37            <intent-filter>
37-->src\main\AndroidManifest.xml:18:7-22:23
38                <action android:name="android.intent.action.MAIN" />
38-->src\main\AndroidManifest.xml:19:9-61
38-->src\main\AndroidManifest.xml:19:17-58
39
40                <category android:name="android.intent.category.LAUNCHER" />
40-->src\main\AndroidManifest.xml:21:9-69
40-->src\main\AndroidManifest.xml:21:19-66
41            </intent-filter>
42        </activity>
43
44        <provider
44-->[androidx.emoji2:emoji2:1.2.0] AndroidManifest.xml:24:9-32:20
45            android:name="androidx.startup.InitializationProvider"
45-->[androidx.emoji2:emoji2:1.2.0] AndroidManifest.xml:25:13-67
46            android:authorities="com.hexcelltechvr.testbedxr.androidx-startup"
46-->[androidx.emoji2:emoji2:1.2.0] AndroidManifest.xml:26:13-68
47            android:exported="false" >
47-->[androidx.emoji2:emoji2:1.2.0] AndroidManifest.xml:27:13-37
48            <meta-data
48-->[androidx.emoji2:emoji2:1.2.0] AndroidManifest.xml:29:13-31:52
49                android:name="androidx.emoji2.text.EmojiCompatInitializer"
49-->[androidx.emoji2:emoji2:1.2.0] AndroidManifest.xml:30:17-75
50                android:value="androidx.startup" />
50-->[androidx.emoji2:emoji2:1.2.0] AndroidManifest.xml:31:17-49
51            <meta-data
51-->[androidx.lifecycle:lifecycle-process:2.4.1] AndroidManifest.xml:31:13-33:52
52                android:name="androidx.lifecycle.ProcessLifecycleInitializer"
52-->[androidx.lifecycle:lifecycle-process:2.4.1] AndroidManifest.xml:32:17-78
53                android:value="androidx.startup" />
53-->[androidx.lifecycle:lifecycle-process:2.4.1] AndroidManifest.xml:33:17-49
54        </provider>
55    </application>
56
57</manifest>